8/25/2022 12:01:17 AM | 
8/25/2022 12:01:17 AM | 
Message : The process cannot access the file because it is being used by another process.
8/25/2022 12:01:17 AM | 
LastTrace : openElement.OEIO.File._InternalDeleteIOSafe(String path)
8/25/2022 12:01:17 AM | 
Params : 
8/25/2022 12:01:17 AM | 
MethodeName : Void WinIOError(Int32, System.String)
8/25/2022 12:01:17 AM | 
Stamp : 8/25/2022 12:01:17 AM
8/25/2022 12:01:17 AM | 
OSFullName : Microsoft Windows 10 Home Single Language
8/25/2022 12:01:17 AM | 
AvailablePhysicalMemory : 3.05 Go 
8/25/2022 12:01:17 AM | 
TotalPhysicalMemory : 7.84 Go 
8/25/2022 12:01:17 AM | 
AvailableVirtualMemory : 2.97 Go 
8/25/2022 12:01:17 AM | 
TotalVirtualMemory : 4 Go 
8/25/2022 12:01:17 AM | 
WorkingSet : 286.98 Mo 
8/25/2022 12:01:17 AM | 
PagedMemorySize : 307.51 Mo 
8/25/2022 12:01:17 AM | 
TotalMemory : 47.04 Mo 
8/25/2022 12:01:17 AM | 

8/25/2022 12:01:17 AM | 
ExTrace : 
8/25/2022 12:01:17 AM | 
at openElement.OEIO.File._InternalDeleteIOSafe(String path) in C:\Users\Win7Dev64\Source\Workspaces\openElement\App\openElement\Class\Common\OEIO.vb:line 39
8/25/2022 12:01:17 AM | 
at openElement.OEIO.File.Delete(String path, Boolean showError, Boolean logError) in C:\Users\Win7Dev64\Source\Workspaces\openElement\App\openElement\Class\Common\OEIO.vb:line 54
8/25/2022 12:01:17 AM | 

8/25/2022 12:01:17 AM | 
OETrace : 
8/25/2022 12:01:17 AM | 
at openElement.OEIO.File.Delete(String path, Boolean showError, Boolean logError) in C:\Users\Win7Dev64\Source\Workspaces\openElement\App\openElement\Class\Common\OEIO.vb:line 78
8/25/2022 12:01:17 AM | 
at openElement.WebElement.Page.DeleteOldHtmlFiles() in C:\Users\Win7Dev64\Source\Workspaces\openElement\App\openElement\WebElement\Page\Page.vb:line 1412
8/25/2022 12:01:17 AM | 
at openElement.WebElement.Page.WriteHtmlFiles(String uploadRootPath, Boolean glPageChangedMsg_Wait) in C:\Users\Win7Dev64\Source\Workspaces\openElement\App\openElement\WebElement\Page\Page.vb:line 1363
8/25/2022 12:01:17 AM | 
at openElement.WebElement.PageConn.SaveDataPage(Boolean writeHtml) in C:\Users\Win7Dev64\Source\Workspaces\openElement\App\openElement\WebElement\Page\PageConn.vb:line 311
8/25/2022 12:01:17 AM | 
at openElement.WebSite.WorkingSystem.Working_System.PageSave(List`1 listPageConn, Boolean writeHtml, Boolean withLinkMap, Boolean withListAction, List`1& listError) in C:\Users\Win7Dev64\Source\Workspaces\openElement\App\openElement\Class\WebSite\WorkingSystem\WorkingSystem.vb:line 325
8/25/2022 12:01:17 AM | 
at openElement.WebSite.UIAction.PageEdit.Save(ActionArg`2 actionArgs) in C:\Users\Win7Dev64\Source\Workspaces\openElement\App\openElement\Class\WebSite\UIAction\PageEdit.vb:line 584
8/25/2022 12:01:17 AM | 
at openElement.WebSite.UIAction.PageEdit._Closure$__._Lambda$__R18-4(ActionArg a0)
8/25/2022 12:01:17 AM | 
at openElement.Wait.RunAction(ActionWait action, ActionArg param, String text1, String text2, WaitIconType iconType) in C:\Users\Win7Dev64\Source\Workspaces\openElement\App\openElement\Class\Common\Wait.vb:line 229
8/25/2022 12:01:17 AM | 
at openElement.WebSite.UIAction.PageEdit.Save(List`1 listFrmPageEdit, List`1& listError) in C:\Users\Win7Dev64\Source\Workspaces\openElement\App\openElement\Class\WebSite\UIAction\PageEdit.vb:line 533
8/25/2022 12:01:17 AM | 
at openElement.WebSite.UIAction.PageEdit.SaveActive() in C:\Users\Win7Dev64\Source\Workspaces\openElement\App\openElement\Class\WebSite\UIAction\PageEdit.vb:line 477
8/25/2022 12:01:17 AM | 
at openElement.Forms.RibbonCore.App.All.BBIAppSave_ItemClick(Object sender, ItemClickEventArgs e) in C:\Users\Win7Dev64\Source\Workspaces\openElement\App\openElement\Form\Main\RibbonItemCore\App\All.vb:line 89
8/25/2022 12:01:17 AM | 
at openElement.My.MyApplication.Main(String[] Args) in :line 82
8/25/2022 12:01:17 AM | 

8/25/2022 12:01:17 AM | 
------------------
